<?xml version="1.0" encoding="UTF-8"?>
<!-- Generated by org.testng.reporters.JUnitReportReporter -->
<testsuite hostname="DESKTOP-S319ST5" failures="0" tests="1" name="testng2.GoogleHome" time="3.156" errors="0" timestamp="2024-05-21T07:49:20 EDT" skipped="0">
  <testcase classname="testng2.GoogleHome" name="execute_test" time="3.156"/>
</testsuite> <!-- testng2.GoogleHome -->
