<?xml version="1.0" encoding="UTF-8"?>
<!-- Generated by org.testng.reporters.JUnitReportReporter -->
<testsuite hostname="DESKTOP-S319ST5" failures="0" tests="2" name="testng2.GoogleHome" time="5.261" errors="0" timestamp="2024-05-18T19:56:13 EDT" skipped="0">
  <testcase classname="testng2.GoogleHome" name="execute_test" time="3.079"/>
  <testcase classname="testng2.GoogleHome" name="execute_test2" time="2.182"/>
</testsuite> <!-- testng2.GoogleHome -->
