<?xml version="1.0" encoding="UTF-8"?>
<!-- Generated by org.testng.reporters.JUnitReportReporter -->
<testsuite hostname="DESKTOP-S319ST5" failures="0" tests="2" name="testng2.GoogleHome" time="12.076" errors="0" timestamp="2024-05-19T10:51:55 EDT" skipped="0">
  <testcase classname="testng2.GoogleHome" name="execute_test" time="5.092"/>
  <testcase classname="testng2.GoogleHome" name="execute_test2" time="6.984"/>
</testsuite> <!-- testng2.GoogleHome -->
